=== fn@0xB04 (the unknown ISR) — first 64 bytes ===
  0x00b04: ldr      r3, [pc, #8]
  0x00b06: ldr      r0, [r3]
  0x00b08: ldr      r3, [pc, #8]
  0x00b0a: ldr      r1, [r3]
  0x00b0c: b.w      #0xabc
  0x00b10: cmp      r1, #0x6c
  0x00b12: movs     r6, r0
  0x00b14: cmp      r1, #0x94
  0x00b16: movs     r6, r0
  0x00b18: ldr      r3, [pc, #0x5c]
  0x00b1a: sub.w    r1, r0, #8
  0x00b1e: push     {r4, r5, lr}
  0x00b20: ldr      r2, [r3]
  0x00b22: ldr      r4, [r0, #-0x8]
  0x00b26: subs     r2, r2, r4
  0x00b28: str      r2, [r3]
  0x00b2a: ldr      r3, [pc, #0x50]
  0x00b2c: ldr      r2, [r3]
  0x00b2e: subs     r2, #8
  0x00b30: str      r2, [r3]
  0x00b32: ldr      r3, [pc, #0x4c]
  0x00b34: b        #0xb3c
  0x00b36: cmp      r2, r1
  0x00b38: bhs      #0xb42
  0x00b3a: mov      r3, r2
  0x00b3c: ldr      r2, [r3, #4]
  0x00b3e: cmp      r2, #0
  0x00b40: bne      #0xb36
  0x00b42: adds     r5, r0, r4

=== ldr-from-pool resolution within fn@0xB04 first 64 bytes ===
  0x00b04: ldr r3, [pc, #8]  ->  pool[0xb10] = 0x0006296c
  0x00b08: ldr r3, [pc, #8]  ->  pool[0xb14] = 0x00062994
  0x00b18: ldr r3, [pc, #0x5c]  ->  pool[0xb78] = 0x00062988
  0x00b2a: ldr r3, [pc, #0x50]  ->  pool[0xb7c] = 0x00062958
  0x00b32: ldr r3, [pc, #0x4c]  ->  pool[0xb80] = 0x0006297c

=== caller @ 0x63CF0 — disasm 96 bytes back to find fn boundary ===
  candidate fn start: 0x63cc0: push {r0, r1, r4, lr}
  0x63cc0: push     {r0, r1, r4, lr}
  0x63cc2: movs     r1, #0
  0x63cc4: bl       #0x99ac
  0x63cc8: ldr      r4, [pc, #0x2c]
  0x63cca: str      r0, [r4]
  0x63ccc: cbnz     r0, #0x63cd8
  0x63cce: ldr      r0, [pc, #0x2c]
  0x63cd0: movw     r1, #0x963
  0x63cd4: bl       #0x11e8
  0x63cd8: ldr      r2, [r4]
  0x63cda: movs     r0, #0
  0x63cdc: ldr      r3, [pc, #0x20]
  0x63cde: mov.w    r1, #0x800
  0x63ce2: add.w    r2, r2, #0xf00
  0x63ce6: str      r2, [r3]
  0x63ce8: mov      r2, r0
  0x63cea: ldr      r3, [pc, #0x18]
  0x63cec: str      r0, [sp]
  0x63cee: str      r0, [sp, #4]
  0x63cf0: bl       #0x63c24
  0x63cf4: pop      {r2, r3, r4, pc}
  0x63cf6: nop      

=== caller @ 0x1F28 — disasm 96 bytes back ===

=== caller @ 0x67774 — disasm 96 bytes back ===

=== string refs near each caller (within 256 bytes) ===
  caller 0x1f28: 0x1f12 ldr -> str@0x40787 = '%s: dngl_attach failed'
  caller 0x1f28: 0x1f10 ldr -> str@0x407f2 = 'pciedngl_probe'
  caller 0x1f28: 0x1ec0 ldr -> str@0x4a075 = '%d: MALLOC failed'
  caller 0x1f28: 0x1e9e ldr -> str@0x407f2 = 'pciedngl_probe'
  caller 0x1f28: 0x1e9a ldr -> str@0x40692 = '%s called'
  caller 0x1f28: 0x1e2a ldr -> str@0x406e5 = 'pciedev_msg.c'

  caller 0x63cf0: 0x63cce ldr -> str@0x40364 = 'hndrte.c'
  caller 0x63cf0: 0x63c62 ldr -> str@0x40364 = 'hndrte.c'
  caller 0x63cf0: 0x63c3a ldr -> str@0x40410 = 'hndrte_add_isr: hndrte_malloc failed'

  caller 0x67774: 0x67760 ldr -> str@0x40c2f = '6.30.223 (TOB) (r)'
  caller 0x67774: 0x67756 ldr -> str@0x6bb1d = 'wl%d: Broadcom BCM%04x 802.11 Wireless Controller %s FWID 01-%x'
  caller 0x67774: 0x67728 ldr -> str@0x4a0c5 = 'wl%d: wlc_attach failed with error %d'
  caller 0x67774: 0x676d4 ldr -> str@0x4a0a8 = 'wl%d: bcm_rpc_attach failed'
  caller 0x67774: 0x67698 ldr -> str@0x4a088 = 'wl%d: bcm_rpc_tp_attach failed'

