Disasm pass…
Total: 183,411

=== String search for offload-mode names ===
  0x40685: "pciedngl_isr"
  0x4069d: "pciedngl_isr called"
  0x40733: "pciedngl_isr exits"
  0x4079f: "pcidongle_probe:hndrte_add_isr failed"
  0x407c6: "pciedngl_close"
  0x407d5: "pciedngl_ioctl"
  0x407e4: "pciedngl_send"
  0x407f2: "pciedngl_probe"
  0x40801: "pciedngl_open"
  0x41492: "bcm_olmsg_init"
  0x41496: "olmsg_init"
  0x414a1: "bcm_olmsg_peekbytes"
  0x414a5: "olmsg_peekbytes"
  0x414cc: "bcm_ol_msg.c"
  0x4167d: "BCM_OL_UNUSED"
  0x4168b: "BCM_OL_BEACON_ENABLE"
  0x416a0: "BCM_OL_BEACON_DISABLE"
  0x416b6: "BCM_OL_RSSI_INIT"
  0x416c7: "BCM_OL_LOW_RSSI_NOTIFICATION"
  0x416e4: "BCM_OL_ARP_ENABLE"
  0x416f6: "BCM_OL_ARP_SETIP"
  0x41707: "BCM_OL_ARP_DISABLE"
  0x4171a: "BCM_OL_ND_ENABLE"
  0x4172b: "BCM_OL_ND_SETIP"
  0x4173b: "BCM_OL_ND_DISABLE"
  0x4174d: "BCM_OL_PKT_FILTER_ENABLE"
  0x41766: "BCM_OL_PKT_FILTER_ADD"
  0x4177c: "BCM_OL_PKT_FILTER_DISABLE"
  0x41796: "BCM_OL_WOWL_ENABLE_START"
  0x417af: "BCM_OL_WOWL_ENABLE_COMPLETE"
  0x417cb: "BCM_OL_WOWL_ENABLE_COMPLETED"
  0x417e8: "BCM_OL_ARM_TX"
  0x417f6: "BCM_OL_ARM_TX_DONE"
  0x41809: "BCM_OL_RESET"
  0x41816: "BCM_OL_FIFODEL"
  0x41825: "BCM_OL_MSG_TEST"
  0x41835: "BCM_OL_MSG_IE_NOTIFICATION_FLAG"
  0x41855: "BCM_OL_MSG_IE_NOTIFICATION"
  0x41870: "BCM_OL_SCAN_ENAB"
  0x41881: "BCM_OL_SCAN"
  0x4188d: "BCM_OL_SCAN_RESULTS"
  0x418a1: "BCM_OL_SCAN_CONFIG"
  0x418b4: "BCM_OL_SCAN_BSS"
  0x418c4: "BCM_OL_SCAN_QUIET"
  0x418d6: "BCM_OL_SCAN_VALID2G"
  0x418ea: "BCM_OL_SCAN_VALID5G"
  0x418fe: "BCM_OL_SCAN_CHANSPECS"
  0x41914: "BCM_OL_SCAN_BSSID"
  0x41926: "BCM_OL_MACADDR"
  0x41935: "BCM_OL_SCAN_TXRXCHAIN"
  0x4194b: "BCM_OL_SCAN_COUNTRY"
  0x4195f: "BCM_OL_SCAN_PARAMS"
  0x41972: "BCM_OL_SSIDS"
  0x4197f: "BCM_OL_PREFSSIDS"
  0x41990: "BCM_OL_PFN_LIST"
  0x419a0: "BCM_OL_PFN_ADD"
  0x419af: "BCM_OL_PFN_DEL"
  0x419be: "BCM_OL_ULP"
  0x419c9: "BCM_OL_CURPWR"
  0x419d7: "BCM_OL_SARLIMIT"
  0x419e7: "BCM_OL_TXCORE"
  0x419f5: "BCM_OL_SCAN_DUMP"
  0x41a06: "BCM_OL_MSGLEVEL"
  0x41a16: "BCM_OL_MSGLEVEL2"
  0x41a27: "BCM_OL_DMA_DUMP"
  0x41a37: "BCM_OL_BCNS_PROMISC"
  0x41a4b: "BCM_OL_SETCHANNEL"
  0x41a5d: "BCM_OL_L2KEEPALIVE_ENABLE"
  0x41a77: "BCM_OL_GTK_UPD"
  0x41a86: "BCM_OL_GTK_ENABLE"
  0x41a98: "BCM_OL_LTR"
  0x41aa3: "BCM_OL_TCP_KEEP_CONN"
  0x41ab8: "BCM_OL_TCP_KEEP_TIMERS"
  0x41acf: "BCM_OL_EL_START"
  0x41adf: "BCM_OL_EL_SEND_REPORT"
  0x41af5: "BCM_OL_EL_REPORT"
  0x41b06: "BCM_OL_PANIC"
  0x41b13: "BCM_OL_CONS"
  0x41b1f: "BCM_OL_MSG_MAX"
  0x4909e: "offload."
  0x490cb: "offload. (len = %d)"
  0x4ac04: "offloads:"
  0x4af3c: "bmac_up_prep"
  0x4b1f0: "bmac_up_finish"
  0x4c64a: "offload attach FAILED (err %d)"
  0x4c673: "offload attach FAILED (err %d)"
  0x4c774: "ol_attach() failed."
  0x4d15b: "ol_attach failed"
  0x4d1a0: "ol_attach failed"
  0x4db19: "BCM_OL_E_WOWL_START"
  0x4db2d: "BCM_OL_E_WOWL_COMPLETE"
  0x4db44: "BCM_OL_E_TIME_SINCE_BCN"
  0x4db5c: "BCM_OL_E_BCN_LOSS"
  0x4db6e: "BCM_OL_E_DEAUTH"
  0x4db7e: "BCM_OL_E_DISASSOC"
  0x4db90: "BCM_OL_E_RETROGRADE_TSF"
  0x4dba8: "BCM_OL_E_RADIO_HW_DISABLED"
  0x4dbc3: "BCM_OL_E_PME_ASSERTED"
  0x4dbd9: "BCM_OL_E_UNASSOC"
  0x4dbea: "BCM_OL_E_SCAN_BEGIN"
  0x4dbfe: "BCM_OL_E_SCAN_END"
  0x4dc10: "BCM_OL_E_PREFSSID_FOUND"
  0x4dc28: "BCM_OL_E_CSA"
  0x4e3de: "BCM_OL_GTK_ENABLE"
  0x507b6: "BCM_OL_L2KEEPALIVE_ENABLE"
  0x50f12: "ol_attach"
  0x56f3a: "ol_attach"
  0x5741f: "offload"
  0x57c0d: "ol_attach"
  0x57c62: "ol_init"
  0x57db3: "offload parameters len %d size %d"
  0x583b1: "offload"
  0x5847b: "offload scan for %d cycles"
  0x5849f: "offload scan for indefinitely"
  0x5866d: "offload parameters len %d"
  0x58997: "ol_attach"
  0x58b22: "BCM_OL_WOWL_ENABLE_START state = %08x"
  0x58b4d: "BCM_OL_WOWL_ENABLE_COMPLETE"
  0x58b76: "BCM_OL_WOWL_ENABLE_COMPLETE state = %08x"


=== Code refs (PC-rel ldr) that load each string's address ===
  "pciedngl_isr" @ 0x40685: 3 ref(s) at 0x1cb8, 0x1cd4, 0x1d5c
  "pciedngl_isr called" @ 0x4069d: 1 ref(s) at 0x1ca0
  "pciedngl_isr exits" @ 0x40733: 1 ref(s) at 0x1d70
  "pcidongle_probe:hndrte_add_isr failed" @ 0x4079f: 1 ref(s) at 0x1f2e
  "pciedngl_close" @ 0x407c6: 1 ref(s) at 0x1c54
  "pciedngl_ioctl" @ 0x407d5: 1 ref(s) at 0x1c3a
  "pciedngl_send" @ 0x407e4: 1 ref(s) at 0x1db0
  "pciedngl_probe" @ 0x407f2: 2 ref(s) at 0x1e9e, 0x1f10
  "pciedngl_open" @ 0x40801: 1 ref(s) at 0x1c78
  "bcm_olmsg_init" @ 0x41492: 1 ref(s) at 0x2f26
  "bcm_olmsg_peekbytes" @ 0x414a1: 2 ref(s) at 0x2cb8, 0x2cd8
  "bcm_ol_msg.c" @ 0x414cc: 2 ref(s) at 0x2cc2, 0x2d92
  "BCM_OL_ARM_TX_DONE" @ 0x417f6: 2 ref(s) at 0x58c10, 0x58c12
  "BCM_OL_E_TIME_SINCE_BCN" @ 0x4db44: 1 ref(s) at 0x58e38
  "BCM_OL_E_BCN_LOSS" @ 0x4db5c: 1 ref(s) at 0x58e5c
  "BCM_OL_GTK_ENABLE" @ 0x4e3de: 1 ref(s) at 0x1ea18
  "BCM_OL_L2KEEPALIVE_ENABLE" @ 0x507b6: 1 ref(s) at 0x2360a
