=== (1) Raw disasm 0x1bf0..0x1c40 (looking for context of wfi @ 0x1c1e) ===
Raw bytes:
  0x1bf0: c8 29 06 00 c4 29 06 00
  0x1bf8: 03 4b 00 22 1b 68 c3 f8
  0x1c00: 44 26 d3 f8 44 36 70 47
  0x1c08: 94 29 06 00 00 f0 07 b8
  0x1c10: 80 20 fe f7 bb ba 80 20
  0x1c18: fe f7 c8 ba 70 47 30 bf
  0x1c20: 70 47 10 b5 04 46 07 f0
  0x1c28: 73 fe 01 46 20 46 bd e8
  0x1c30: 10 40 05 f0 39 bf 70 47
  0x1c38: 08 b5 03 49 03 48 fe f7

Disasm starting at 0x1bf0:
   0x1bf0  cmp      r1, #0xc8
   0x1bf2  movs     r6, r0
   0x1bf4  cmp      r1, #0xc4
   0x1bf6  movs     r6, r0
   0x1bf8  ldr      r3, [pc, #0xc]
   0x1bfa  movs     r2, #0
   0x1bfc  ldr      r3, [r3]
   0x1bfe  str.w    r2, [r3, #0x644]
   0x1c02  ldr.w    r3, [r3, #0x644]
   0x1c06  bx       lr
   0x1c08  cmp      r1, #0x94
   0x1c0a  movs     r6, r0
   0x1c0c  b.w      #0x1c1e
   0x1c10  movs     r0, #0x80
   0x1c12  b.w      #0x18c
   0x1c16  movs     r0, #0x80
   0x1c18  b.w      #0x1ac
   0x1c1c  bx       lr
   0x1c1e  wfi      
   0x1c20  bx       lr
   0x1c22  push     {r4, lr}
   0x1c24  mov      r4, r0
   0x1c26  bl       #0x9910
   0x1c2a  mov      r1, r0
   0x1c2c  mov      r0, r4
   0x1c2e  pop.w    {r4, lr}
   0x1c32  b.w      #0x7aa8
   0x1c36  bx       lr
   0x1c38  push     {r3, lr}
   0x1c3a  ldr      r1, [pc, #0xc]
   0x1c3c  ldr      r0, [pc, #0xc]

Disasm starting at 0x1c1c (aligned):
   0x1c1c  bx       lr
   0x1c1e  wfi      
   0x1c20  bx       lr
   0x1c22  push     {r4, lr}
   0x1c24  mov      r4, r0
   0x1c26  bl       #0x9910
   0x1c2a  mov      r1, r0
   0x1c2c  mov      r0, r4
   0x1c2e  pop.w    {r4, lr}
   0x1c32  b.w      #0x7aa8
   0x1c36  bx       lr
   0x1c38  push     {r3, lr}
   0x1c3a  ldr      r1, [pc, #0xc]
   0x1c3c  ldr      r0, [pc, #0xc]


=== (2) Raw disasm 0x43500..0x43590 (context for cpsie ai @ 0x4356e) ===
Raw bytes:
  0x43500: d1 e4 03 3c 47 d4 04 4b
  0x43508: fd 85 0d d2 6b b5 0a a5
  0x43510: fa a8 b5 35 6c 98 b2 42
  0x43518: d6 c9 bb db 40 f9 bc ac
  0x43520: e3 6c d8 32 75 5c df 45
  0x43528: cf 0d d6 dc 59 3d d1 ab
  0x43530: ac 30 d9 26 3a 00 de 51
  0x43538: 80 51 d7 c8 16 61 d0 bf
  0x43540: b5 f4 b4 21 23 c4 b3 56
  0x43548: 99 95 ba cf 0f a5 bd b8
  0x43550: 9e b8 02 28 08 88 05 5f
  0x43558: b2 d9 0c c6 24 e9 0b b1
  0x43560: 87 7c 6f 2f 11 4c 68 58
  0x43568: ab 1d 61 c1 3d 2d 66 b6
  0x43570: 90 41 dc 76 06 71 db 01
  0x43578: bc 20 d2 98 2a 10 d5 ef
  0x43580: 89 85 b1 71 1f b5 b6 06
  0x43588: a5 e4 bf 9f 33 d4 b8 e8

Disasm starting at 0x43500:
  0x43500  b        #0x42ea6
  0x43502  subs     r4, #3
  0x43504  bmi      #0x43596
  0x43506  ldr      r3, [pc, #0x10]
  0x43508  strh     r5, [r7, #0x2e]
  0x4350a  bhs      #0x43528
  0x4350c  push     {r0, r1, r3, r5, r6, lr}  [PUSH-LR — fn-start]
  0x4350e  adr      r5, #0x28
  0x43510  add      r0, sp, #0x3e8
  0x43512  adds     r5, #0xb5
  0x43514  ldr      r0, [sp, #0x1b0]
  0x43516  cmp      r2, r6
  0x43518  ldm      r1, {r1, r2, r4, r6, r7}
  0x4351a  blt      #0x43494


=== (3) Try disasm starting at 0x43560 (just before cpsie ai) ===
  0x43560  ldrb     r7, [r0, #0x12]
  0x43562  cmp      r7, #0x6f
  0x43564  ldr      r4, [pc, #0x44]
  0x43566  ldr      r0, [r5, r1]
  0x43568  adds     r3, r5, #6
  0x4356a  stm      r1!, {r0, r5, r6}
  0x4356c  cmp      r5, #0x3d
  0x4356e  cpsie    ai  ★★★
  0x43570  sbcs     r0, r2
  0x43572  strb     r4, [r3, #0x1b]
  0x43574  strb     r6, [r0, #4]
  0x43576  lsls     r3, r3, #7
  0x43578  movs     r0, #0xbc
  0x4357a  ldr      r0, [sp, #0x348]
  0x4357c  asrs     r2, r5, #0x20
  0x4357e  vabal.s16 q12, d21, d9
  0x43582  strb     r1, [r6, #6]
  0x43584  push     {r0, r1, r2, r3, r4, lr}  [PUSH-LR — fn-start]
  0x43586  lsls     r6, r6, #0x1a
  0x43588  b        #0x42ed6
  0x4358a  ldr      r7, [sp, #0x2fc]
  0x4358c  bmi      #0x435f6
  0x4358e  ldm.w    r8!, {r1, r5, r7, r8, fp, lr, pc}
  0x43592  ldrb     r7, [r0]
  0x43594  ldrsh    r0, [r4, #0]!
  0x43598  add      r0, sp, #0x238
  0x4359a  str      r6, [sp, #0x24]
  0x4359c  ldr      r0, [sp, #0x60]
  0x4359e  b        #0x437be


=== (4) push-lr addresses near wfi @ 0x1c1e (sequential disasm) ===
  0x1b2e: pop ... pc
  0x1b8a: pop ... pc
  0x1bea: pop ... pc
  push-lr instances in [0x1b00, 0x1c40]: ['0x1b3c', '0x1ba6', '0x1c22', '0x1c38']


=== (5) Direct bl/b targeting 0x1c1e and fn-ptrs to 0x1c1f ===
  Direct call/jump targeting 0x1c1e / 0x1c1c / 0x1c10: 3
    0x11d4: bl → 0x1c10
    0x11da: bl → 0x1c1c
    0x1c0c: b.w → 0x1c1e
  fn-ptr (0x1c1f) byte hits: 0
