Disasm pass…
Total: 183,411

=== (1) Dump bytes 0x67800..0x67a00 (estimated table region) ===
  off       word        hi-bit  | candidate
  0x67800: 0xe7684839
  0x67804: 0xf7ff4630
  0x67808: 0x67a0fe25
  0x6780c: 0x4b21b970
  0x67810: 0xf013681b
  0x67814: 0xd0730f01
  0x67818: 0x681b4b1f
  0x6781c: 0xda032b00
  0x67820: 0xf892f7ad
  0x67824: 0xf904f799
  0x67828: 0xe7544830
  0x6782c: 0xf0004630
  0x67830: 0x67e0f871
  0x67834: 0x4b17b970
  0x67838: 0xf013681b
  0x6783c: 0xd05f0f01
  0x67840: 0x681b4b15
  0x67844: 0xda032b00
  0x67848: 0xf87ef7ad
  0x6784c: 0xf8f0f799
  0x67850: 0xe7404827
  0x67854: 0xf0004630
  0x67858: 0xf8c4f88f
  0x6785c: 0xb9700080
  0x67860: 0x681b4b0c
  0x67864: 0x0f01f013
  0x67868: 0x4b0bd04a
  0x6786c: 0x2b00681b
  0x67870: 0xf7adda03
  0x67874: 0xf799f869
  0x67878: 0x481ef8db
  0x6787c: 0x481ee72b
  0x67880: 0x491e4622
  0x67884: 0xfff8f799
  0x67888: 0xe03e4620
  0x6788c: 0x00040692  → str-region 0x40692
  0x67890: 0x0004a1ea  → str "wl_probe"
  0x67894: 0x00058f44  → str-region 0x58f44
  0x67898: 0x00062e24
  0x6789c: 0x0004a073  → fn@0x4a072
  0x678a0: 0x0004a088  → str-region 0x4a088
  0x678a4: 0x0001148d  → fn@0x1148c
  0x678a8: 0x0004a0a8  → str-region 0x4a0a8
  0x678ac: 0x0004a0c5  → fn@0x4a0c4
  0x678b0: 0x00011735  → fn@0x11734
  0x678b4: 0x0004a0ec  → str "wl%d"
  0x678b8: 0x00062eb0
  0x678bc: 0x0006bb1d
  0x678c0: 0x00040c2f  → fn@0x40c2e
  0x678c4: 0x0001146d  → fn@0x1146c
  0x678c8: 0x0004a0f1  → fn@0x4a0f0
  0x678cc: 0x00011719  → fn@0x11718
  0x678d0: 0x00011705  → fn@0x11704 = init-shim → 142E0
  0x678d4: 0x00011731  → fn@0x11730
  0x678d8: 0x0004a10e  → str "wlhist"
  0x678dc: 0x000116e1  → fn@0x116e0
  0x678e0: 0x0004a115  → fn@0x4a114
  0x678e4: 0x00011365  → fn@0x11364
  0x678e8: 0x0004a11d  → fn@0x4a11c
  0x678ec: 0x0004a138  → str-region 0x4a138
  0x678f0: 0x0004a154  → str-region 0x4a154
  0x678f4: 0x0004a171  → fn@0x4a170
  0x678f8: 0x0004a193  → fn@0x4a192
  0x678fc: 0x00011691  → fn@0x11690
  0x67900: 0x46514620
  0x67904: 0xfe5cf7ff
  0x67908: 0xb0092000
  0x6790c: 0x8ff0e8bd
  0x67910: 0x47702001
  0x67914: 0x2108b570
  0x67918: 0x68404605
  0x6791c: 0xfa20f7a0
  0x67920: 0xb9c04604
  0x67924: 0x681b4b10
  0x67928: 0x0f01f013
  0x6792c: 0x4b0fd01a
  0x67930: 0x2b00681b
  0x67934: 0xf7adda03
  0x67938: 0xf799f807
  0x6793c: 0x682bf879
  0x67940: 0x68de6868
  0x67944: 0xfa13f7a0
  0x67948: 0x46314a09
  0x6794c: 0x48094603
  0x67950: 0xf86ef799
  0x67954: 0x2100e006
  0x67958: 0xf7982208
  0x6795c: 0x2300ffdf
  0x67960: 0x71236025
  0x67964: 0xbd704620
  0x67968: 0x00058f44  → str-region 0x58f44
  0x6796c: 0x00062e24
  0x67970: 0x0004a1fc  → str "wl_icmp_attach"
  0x67974: 0x0004819f  → fn@0x4819e
  0x67978: 0x2178b570
  0x6797c: 0x68404605
  0x67980: 0xf9eef7a0
  0x67984: 0xb9c04604
  0x67988: 0x681b4b30
  0x6798c: 0x0f01f013
  0x67990: 0x4b2fd04f
  0x67994: 0x2b00681b
  0x67998: 0xf7acda03
  0x6799c: 0xf799ffd5
  0x679a0: 0x682bf847
  0x679a4: 0x68de6868
  0x679a8: 0xf9e1f7a0
  0x679ac: 0x46314a29
  0x679b0: 0x48294603
  0x679b4: 0xf83cf799
  0x679b8: 0x2600e03b
  0x679bc: 0x22782100
  0x679c0: 0xffacf798
  0x679c4: 0x6064f884
  0x679c8: 0x462266a6
  0x679cc: 0x463366e6
  0x679d0: 0x67266626
  0x679d4: 0x492168a8
  0x679d8: 0xfee4f7a9
  0x679dc: 0xb9806760
  0x679e0: 0x681b4b1a
  0x679e4: 0x0f01f013
  0x679e8: 0x4b19d025
  0x679ec: 0x42b3681b
  0x679f0: 0xf7acda03
  0x679f4: 0xf799ffa9
  0x679f8: 0x4819f81b
  0x679fc: 0xf818f799


=== (2) Locate which shims appear in 0x67800..0x67a00 ===
  fn@0x11704 (init-shim → 142E0): 1 total hits, 1 in [0x67800..0x67a00]
    0x678d0 (rel 0xd0)
  fn@0x11718 (shim → 15c30/1783c): 1 total hits, 1 in [0x67800..0x67a00]
    0x678cc (rel 0xcc)
  fn@0x11730 (shim → 1ef3c): 1 total hits, 1 in [0x67800..0x67a00]
    0x678d4 (rel 0xd4)
  fn@0x11734 (shim → 113b4): 1 total hits, 1 in [0x67800..0x67a00]
    0x678b0 (rel 0xb0)
  fn@0x11754 (shim → 16210): 0 total hits, 0 in [0x67800..0x67a00]
  fn@0x11790 (wrap_ARM wake-arm → 233e8): 0 total hits, 0 in [0x67800..0x67a00]
  fn@0x11796 (wake-disarm → 2340c): 0 total hits, 0 in [0x67800..0x67a00]
  fn@0x1179c (set-mask → 2343a): 0 total hits, 0 in [0x67800..0x67a00]
  fn@0x117a4 (shim → 1430): 0 total hits, 0 in [0x67800..0x67a00]
  fn@0x117b4 (shim → 1218): 0 total hits, 0 in [0x67800..0x67a00]
  fn@0x117bc (shim → 1138): 0 total hits, 0 in [0x67800..0x67a00]
  fn@0x117e4 (shim → fc4): 0 total hits, 0 in [0x67800..0x67a00]
  fn@0x117f0 (tiny: ldr+bx): 0 total hits, 0 in [0x67800..0x67a00]


=== (3) Code refs that load any address in 0x67800..0x67a00 ===
  Hits: 0


=== (4) Locate fn@0x11705 (init-shim ptr) anywhere — confirm only one home ===
  Hits for fn@0x11705 (any alignment): 1
    0x678d0 aligned=True


=== (5) Walk back from 0x678d0 to find the table START / END boundary ===
  Table start estimate: 0x678c0
  Table end estimate:   0x67900  (size 64 bytes, 16 entries)

  Full table dump:
    0x678c0: 0x00040c2f  → fn@0x40c2e
    0x678c4: 0x0001146d  → fn@0x1146c
    0x678c8: 0x0004a0f1  → fn@0x4a0f0
    0x678cc: 0x00011719  → fn@0x11718
    0x678d0: 0x00011705  → fn@0x11704 = init-shim → 142E0
    0x678d4: 0x00011731  → fn@0x11730
    0x678d8: 0x0004a10e  → "wlhist"
    0x678dc: 0x000116e1  → fn@0x116e0
    0x678e0: 0x0004a115  → fn@0x4a114
    0x678e4: 0x00011365  → fn@0x11364
    0x678e8: 0x0004a11d  → fn@0x4a11c
    0x678ec: 0x0004a138
    0x678f0: 0x0004a154
    0x678f4: 0x0004a171  → fn@0x4a170
    0x678f8: 0x0004a193  → fn@0x4a192
    0x678fc: 0x00011691  → fn@0x11690
