Disasm pass…
Total: 183,411

=== (1) DUMP fn@0x670d8 (substantive offload-side helper) ===

=========== fn@0x670d8  fn @ 0x670d8..0x672b4 ===========
  0x670d8  push.w   {r0, r1, r2, r3, r4, r5, r6, r7, r8, sb, sl, lr}
  0x670dc  ldr      r5, [sp, #0x30]
  0x670de  mov      r4, r0
  0x670e0  mov      r7, r1
  0x670e2  mov      sb, r2
  0x670e4  ldr.w    sl, [sp, #0x34]
  0x670e8  mov      r6, r3
  0x670ea  ldr.w    r8, [sp, #0x38]
  0x670ee  cbz      r3, #0x670f6
  0x670f0  lsls     r3, r3, #0x14
  0x670f2  lsrs     r3, r3, #0x14
  0x670f4  cbz      r3, #0x67100
  0x670f6  ldr      r0, [pc, #0x1bc]  ; "siutils.c"
  0x670f8  movw     r1, #0x4b5
  0x670fc  bl       #0x11e8  → fn@0x11e8
  0x67100  movs     r1, #0
  0x67102  mov      r0, r4
  0x67104  mov.w    r2, #0x35c
  0x67108  bl       #0x91c  → fn@0x91c
  0x6710c  movs     r3, #0x11
  0x6710e  cmp      r5, #1
  0x67110  str      r3, [r4, #0x10]
  0x67112  str.w    r6, [r4, #0x88]
  0x67116  str.w    sl, [r4, #0x5c]
  0x6711a  str.w    sb, [r4, #0x58]
  0x6711e  bne      #0x6712c
  0x67120  ldr      r0, [pc, #0x194]  ; lit=0x475d9 → fn@0x475d8
  0x67122  mov      r2, r7
  0x67124  ldr      r1, [pc, #0x194]  ; "si_doattach"
  0x67126  subs     r5, #1
  0x67128  bl       #0xa30  → fn@0xa30
  0x6712c  str      r5, [r4, #4]
  0x6712e  cbz      r5, #0x6713e
  0x67130  ldr      r0, [pc, #0x18c]  ; lit=0x4761d → fn@0x4761c
  0x67132  mov      r1, r5
  0x67134  movs     r2, #0
  0x67136  bl       #0xa30  → fn@0xa30
  0x6713a  movs     r4, #0
  0x6713c  b        #0x672ac  → tail-fn@0x672ac
  0x6713e  mov      r0, r4
  0x67140  mov      r1, r5
  0x67142  mov      r2, r7
  0x67144  mov      r3, sl
  0x67146  bl       #0x66ef4  → fn@0x66ef4
  0x6714a  cbnz     r0, #0x67156
  0x6714c  mov      r1, r5
  0x6714e  ldr      r0, [pc, #0x174]  ; lit=0x4765d → fn@0x4765c
  0x67150  bl       #0xa30  → fn@0xa30
  0x67154  b        #0x671dc  → tail-fn@0x671dc
  0x67156  mov.w    sb, #0x18000000
  0x6715a  ldr      r0, [pc, #0x16c]  ; lit=0x47686
  0x6715c  ldr.w    r1, [sb]
  0x67160  lsrs     r3, r1, #0x1c
  0x67162  str      r3, [r4]
  0x67164  uxth     r3, r1
  0x67166  str      r3, [r4, #0x3c]
  0x67168  and      r3, r1, #0xf0000
  0x6716c  lsrs     r3, r3, #0x10
  0x6716e  str      r3, [r4, #0x40]
  0x67170  and      r3, r1, #0xf00000
  0x67174  lsrs     r3, r3, #0x14
  0x67176  str      r3, [r4, #0x44]
  0x67178  subs     r3, #0xe
  0x6717a  cmp      r3, #1
  0x6717c  ite      hi
  0x6717e  movhi    r3, #0
  0x67180  movls    r3, #1
  0x67182  strb.w   r3, [r4, #0x4c]
  0x67186  bl       #0xa30  → fn@0xa30
  0x6718a  mov      r0, r4
  0x6718c  mov      r1, sb
  0x6718e  mov      r2, r7
  0x67190  bl       #0x64590  → fn@0x64590
  0x67194  ldr.w    r3, [r4, #0xd0]
  0x67198  cbnz     r3, #0x6719e
  0x6719a  ldr      r0, [pc, #0x130]  ; lit=0x476a3 → fn@0x476a2
  0x6719c  b        #0x671d8  → tail-fn@0x671d8
  0x6719e  add      r3, sp, #0x10
  0x671a0  mov      r0, r4
  0x671a2  str      r5, [r3, #-0x4]!
  0x671a6  mov      r1, sb
  0x671a8  str      r3, [sp]
  0x671aa  mov      r2, r5
  0x671ac  mov      r3, r5
  0x671ae  str      r6, [sp, #4]
  0x671b0  bl       #0x66fc4  → fn@0x66fc4
  0x671b4  cbnz     r0, #0x671ba
  0x671b6  ldr      r0, [pc, #0x118]  ; lit=0x476ca
  0x671b8  b        #0x671d8  → tail-fn@0x671d8
  0x671ba  mov      r0, r4
  0x671bc  bl       #0x66ec0  → fn@0x66ec0
  0x671c0  ldr      r3, [sp, #0x3c]
  0x671c2  str.w    r8, [sp]
  0x671c6  mov      r0, r4
  0x671c8  str      r3, [sp, #4]
  0x671ca  mov      r1, r5
  0x671cc  mov      r2, r6
  0x671ce  ldr      r3, [r4, #0x58]
  0x671d0  bl       #0x66a18  → fn@0x66a18
  0x671d4  cbz      r0, #0x671e0
  0x671d6  ldr      r0, [pc, #0xfc]  ; lit=0x476f0
  0x671d8  bl       #0xa30  → fn@0xa30
  0x671dc  mov      r4, r5
  0x671de  b        #0x672ac  → tail-fn@0x672ac
  0x671e0  cmp.w    r8, #0
  0x671e4  beq      #0x671ec
  0x671e6  ldr.w    r5, [r8]
  0x671ea  b        #0x671ee  → tail-fn@0x671ee
  0x671ec  mov      r5, r8
  0x671ee  mov      r0, r4
  0x671f0  mov      r1, r5
  0x671f2  bl       #0x66ef8  → fn@0x66ef8
  0x671f6  ldr      r6, [pc, #0xe0]  ; lit=0x62df4
  0x671f8  ldrb     r2, [r6]
  0x671fa  cmp      r2, #0
  0x671fc  bne      #0x67258
  0x671fe  ldr      r3, [r4, #0x14]
  0x67200  cmp      r3, #0x13
  0x67202  ble      #0x6722a
  0x67204  mov      r0, r4
  0x67206  mov.w    r1, #0x800
  0x6720a  bl       #0x9990  → si_setcoreidx
  0x6720e  mov      r7, r0
  0x67210  cbnz     r0, #0x6721c
  0x67212  ldr      r0, [pc, #0xa0]  ; "siutils.c"
  0x67214  movw     r1, #0x5d5
  0x67218  bl       #0x11e8  → fn@0x11e8
  0x6721c  movs     r3, #0
  0x6721e  mov      r0, r4
  0x67220  str      r3, [r7, #0x58]
  0x67222  ldr      r1, [sp, #0xc]
  0x67224  str      r3, [r7, #0x5c]
  0x67226  bl       #0x99ac  → fn@0x99ac
  0x6722a  mov      r0, r4
  0x6722c  ldr      r1, [r4, #0x58]
  0x6722e  bl       #0x66d04  → fn@0x66d04
  0x67232  mov      r0, r4
  0x67234  ldr      r1, [r4, #0x58]
  0x67236  bl       #0x66d68  → fn@0x66d68
  0x6723a  mov      r0, r5
  0x6723c  ldr      r1, [pc, #0x9c]  ; "xtalfreq"
  0x6723e  bl       #0x52a2  → fn@0x52a2
  0x67242  cbnz     r0, #0x6724c
  0x67244  mov      r0, r4
  0x67246  ldr      r1, [r4, #0x58]
  0x67248  bl       #0x66dd0  → fn@0x66dd0
  0x6724c  mov      r0, r4
  0x6724e  ldr      r1, [r4, #0x58]
  0x67250  bl       #0x66da8  → fn@0x66da8
  0x67254  movs     r3, #1
  0x67256  strb     r3, [r6]
  0x67258  mov      r0, r5
  0x6725a  ldr      r1, [pc, #0x84]  ; "muxenab"
  0x6725c  bl       #0x5250  → fn@0x5250
  0x67260  cbz      r0, #0x67272
  0x67262  ldr      r1, [pc, #0x7c]  ; "muxenab"
  0x67264  mov      r0, r5
  0x67266  bl       #0x52a2  → fn@0x52a2
  0x6726a  mov      r1, r0
  0x6726c  mov      r0, r4
  0x6726e  bl       #0x6708c  → fn@0x6708c
  0x67272  ldr      r3, [r4, #0x14]
  0x67274  cmp      r3, #0x14
  0x67276  ble      #0x67298
  0x67278  movs     r5, #0
  0x6727a  mov      r1, r5
  0x6727c  movs     r2, #8
  0x6727e  mov      r3, r5
  0x67280  mov      r0, r4
  0x67282  str      r5, [sp]
  0x67284  bl       #0x99c0  → fn@0x99c0
  0x67288  mov      r1, r5
  0x6728a  movs     r2, #8
  0x6728c  orr      r3, r0, #4
  0x67290  mov      r0, r4
  0x67292  str      r3, [sp]
  0x67294  bl       #0x99c0  → fn@0x99c0
  0x67298  mov      r0, r4
  0x6729a  movs     r1, #0
  0x6729c  bl       #0x9a98  → fn@0x9a98
  0x672a0  cbz      r0, #0x672ac
  0x672a2  ldr      r0, [pc, #0x10]  ; "siutils.c"
  0x672a4  movw     r1, #0x66b
  0x672a8  bl       #0x11e8  → fn@0x11e8
  0x672ac  mov      r0, r4
  0x672ae  add      sp, #0x10
  0x672b0  pop.w    {r4, r5, r6, r7, r8, sb, sl, pc}
  ... [end 0x672b4]


=== (2) DUMP fn@0x67f2c (other caller of 0x67358) ===

=========== fn@0x67f2c  fn @ 0x67f2c..0x67f42 ===========
  0x67f2c  push     {r4, lr}
  0x67f2e  ldr      r4, [sp, #0x10]
  0x67f30  pop.w    {r4, lr}
  0x67f34  b.w      #0x67358  >>> TAIL→fn_670d8_wrapper <<<
  0x67f38  cbz      r1, #0x67f40
  0x67f3a  mov      r0, r1
  0x67f3c  b.w      #0x66f6c  → tail-fn@0x66f6c
  0x67f40  bx       lr
  ... [end 0x67f42]


=== (3) Callers of fn@0x68A68 (wlc_attach) ===
  0x67700: bl → caller fn @ 0x67614
  fn-ptr (0x68A69) any alignment: 0


=== (4) movw/movt pair construction targeting wlc_bmac_up_finish ===
  Total movw/movt pairs found: 0

  Top constructed values in [0x10000..0x7FFFF] (code region):


=== (6) movw/movt construction of ol_attach / bmac_up_finish string addrs ===
