=== (1) Dump exception handlers ===


=========== IRQ handler @ 0xf8 ===========
     0xf8  mov      sp, lr
     0xfa  sub      sp, #4
     0xfc  mov      lr, sp
     0xfe  srsdb    sp!, #0x1f
    0x102  cps      #0x1f
    0x106  push     {r0}
    0x108  push     {lr}
    0x10a  sub      sp, #0x18
    0x10c  push     {r0, r1, r2, r3, r4, r5, r6, r7}
    0x10e  eor.w    r0, r0, r0
    0x112  add.w    r0, r0, #6
    0x116  b        #0x138  → tail-fn@0x138
    0x118  mov      sp, lr
    0x11a  sub      sp, #4
    0x11c  mov      lr, sp
    0x11e  srsdb    sp!, #0x1f
    0x122  cps      #0x1f
    0x126  push     {r0}
    0x128  push     {lr}
    0x12a  sub      sp, #0x18
    0x12c  push     {r0, r1, r2, r3, r4, r5, r6, r7}
    0x12e  eor.w    r0, r0, r0
    0x132  add.w    r0, r0, #7
    0x136  b        #0x138  → tail-fn@0x138
  --- (boundary at 0x138) ---

=========== FIQ handler @ 0x118 ===========
    0x118  mov      sp, lr
    0x11a  sub      sp, #4
    0x11c  mov      lr, sp
    0x11e  srsdb    sp!, #0x1f
    0x122  cps      #0x1f
    0x126  push     {r0}
    0x128  push     {lr}
    0x12a  sub      sp, #0x18
    0x12c  push     {r0, r1, r2, r3, r4, r5, r6, r7}
    0x12e  eor.w    r0, r0, r0
    0x132  add.w    r0, r0, #7
    0x136  b        #0x138  → tail-fn@0x138
    0x138  mov      r4, sp
    0x13a  add.w    r4, r4, #0x40
    0x13e  ldm      r4!, {r1, r3}
    0x140  mrs      r2, apsr
    0x144  push     {r0, r1, r2, r3}
    0x146  sub.w    r4, r4, #0xc
    0x14a  str      r1, [r4]
    0x14c  mov      r7, sp
    0x14e  add.w    r7, r7, #0x58
    0x152  mov      r6, ip
    0x154  mov      r5, fp
    0x156  mov      r4, sl
  --- (boundary at 0x158) ---

=========== undef handler @ 0x64 ===========
     0x64  srsdb    sp!, #0x1f
     0x68  cps      #0x1f
     0x6c  push     {r0}
     0x6e  push     {lr}
     0x70  sub      sp, #0x18
     0x72  push     {r0, r1, r2, r3, r4, r5, r6, r7}
     0x74  eor.w    r0, r0, r0
     0x78  add.w    r0, r0, #1
     0x7c  b        #0x138  → tail-fn@0x138
     0x7e  srsdb    sp!, #0x1f
     0x82  cps      #0x1f
     0x86  push     {r0}
     0x88  push     {lr}
     0x8a  sub      sp, #0x18
     0x8c  push     {r0, r1, r2, r3, r4, r5, r6, r7}
     0x8e  eor.w    r0, r0, r0
     0x92  add.w    r0, r0, #2
     0x96  b        #0x138  → tail-fn@0x138
     0x98  mov      sp, lr
     0x9a  sub      sp, #4
     0x9c  mov      lr, sp
     0x9e  srsdb    sp!, #0x1f
     0xa2  cps      #0x1f
  --- (boundary at 0xa4) ---

=========== SVC handler @ 0x7e ===========
     0x7e  srsdb    sp!, #0x1f
     0x82  cps      #0x1f
     0x86  push     {r0}
     0x88  push     {lr}
     0x8a  sub      sp, #0x18
     0x8c  push     {r0, r1, r2, r3, r4, r5, r6, r7}
     0x8e  eor.w    r0, r0, r0
     0x92  add.w    r0, r0, #2
     0x96  b        #0x138  → tail-fn@0x138
     0x98  mov      sp, lr
     0x9a  sub      sp, #4
     0x9c  mov      lr, sp
     0x9e  srsdb    sp!, #0x1f
     0xa2  cps      #0x1f
     0xa6  push     {r0}
     0xa8  push     {lr}
     0xaa  sub      sp, #0x18
     0xac  push     {r0, r1, r2, r3, r4, r5, r6, r7}
     0xae  eor.w    r0, r0, r0
     0xb2  add.w    r0, r0, #3
     0xb6  b        #0x138  → tail-fn@0x138
     0xb8  mov      sp, lr
     0xba  sub      sp, #8
     0xbc  mov      lr, sp
  --- (boundary at 0xbe) ---

=========== prefetch_abort @ 0x98 ===========
     0x98  mov      sp, lr
     0x9a  sub      sp, #4
     0x9c  mov      lr, sp
     0x9e  srsdb    sp!, #0x1f
     0xa2  cps      #0x1f
     0xa6  push     {r0}
     0xa8  push     {lr}
     0xaa  sub      sp, #0x18
     0xac  push     {r0, r1, r2, r3, r4, r5, r6, r7}
     0xae  eor.w    r0, r0, r0
     0xb2  add.w    r0, r0, #3
     0xb6  b        #0x138  → tail-fn@0x138
     0xb8  mov      sp, lr
     0xba  sub      sp, #8
     0xbc  mov      lr, sp
     0xbe  srsdb    sp!, #0x1f
     0xc2  cps      #0x1f
     0xc6  push     {r0}
     0xc8  push     {lr}
     0xca  sub      sp, #0x18
     0xcc  push     {r0, r1, r2, r3, r4, r5, r6, r7}
     0xce  eor.w    r0, r0, r0
     0xd2  add.w    r0, r0, #4
     0xd6  b        #0x138  → tail-fn@0x138
  --- (boundary at 0xd8) ---

=========== data_abort @ 0xb8 ===========
     0xb8  mov      sp, lr
     0xba  sub      sp, #8
     0xbc  mov      lr, sp
     0xbe  srsdb    sp!, #0x1f
     0xc2  cps      #0x1f
     0xc6  push     {r0}
     0xc8  push     {lr}
     0xca  sub      sp, #0x18
     0xcc  push     {r0, r1, r2, r3, r4, r5, r6, r7}
     0xce  eor.w    r0, r0, r0
     0xd2  add.w    r0, r0, #4
     0xd6  b        #0x138  → tail-fn@0x138
     0xd8  mov      sp, lr
     0xda  sub      sp, #4
     0xdc  mov      lr, sp
     0xde  srsdb    sp!, #0x1f
     0xe2  cps      #0x1f
     0xe6  push     {r0}
     0xe8  push     {lr}
     0xea  sub      sp, #0x18
     0xec  push     {r0, r1, r2, r3, r4, r5, r6, r7}
     0xee  eor.w    r0, r0, r0
     0xf2  add.w    r0, r0, #5
     0xf6  b        #0x138  → tail-fn@0x138
  --- (boundary at 0xf8) ---

=========== ? handler @ 0xd8 ===========
     0xd8  mov      sp, lr
     0xda  sub      sp, #4
     0xdc  mov      lr, sp
     0xde  srsdb    sp!, #0x1f
     0xe2  cps      #0x1f
     0xe6  push     {r0}
     0xe8  push     {lr}
     0xea  sub      sp, #0x18
     0xec  push     {r0, r1, r2, r3, r4, r5, r6, r7}
     0xee  eor.w    r0, r0, r0
     0xf2  add.w    r0, r0, #5
     0xf6  b        #0x138  → tail-fn@0x138
     0xf8  mov      sp, lr
     0xfa  sub      sp, #4
     0xfc  mov      lr, sp
     0xfe  srsdb    sp!, #0x1f
    0x102  cps      #0x1f
    0x106  push     {r0}
    0x108  push     {lr}
    0x10a  sub      sp, #0x18
    0x10c  push     {r0, r1, r2, r3, r4, r5, r6, r7}
    0x10e  eor.w    r0, r0, r0
    0x112  add.w    r0, r0, #6
    0x116  b        #0x138  → tail-fn@0x138
  --- (boundary at 0x118) ---


=== (2) BFS from fn@0xf8 (IRQ) with indirect tracking ===
Reached fns from IRQ@0xf8 BFS: 2

Key targets reached from IRQ:
  ✗ 0x1c98 (pciedngl_isr)
  ✗ 0x1e90 (pciedngl_probe)
  ✗ 0x2f18 (bcm_olmsg_init)
  ✗ 0x4718 (set_callback)
  ✗ 0x113b4 (ACTION dispatcher)
  ✗ 0x11648 (wl_open)
  ✗ 0x11704 (init-shim → 142E0)
  ✗ 0x11790 (wrap_ARM)
  ✗ 0x142e0 (0x48080-writer)
  ✗ 0x17ed6 (wlc_bmac_up_finish)
  ✗ 0x18ffc (wlc_up)
  ✗ 0x2312c (wlc_dpc)
  ✗ 0x233e8 (wake-mask ARM impl)
  ✗ 0x67358 (si_doattach_wrapper)
  ✗ 0x67614 (wl_probe)
  ✗ 0x6820c (wlc_bmac_attach)
  ✗ 0x68a68 (wlc_attach)

Indirect-via-struct call sites in IRQ BFS: 2
  in fn@0xf8: blx r4 from [r4, #0x0] at 0x16c
  in fn@0x138: blx r4 from [r4, #0x0] at 0x16c


=== (3) BFS from fn@0x118 (FIQ) ===
Reached fns from FIQ@0x118: 2

Key targets reached from FIQ:


=== (4) Combined live-reach across reset+IRQ+FIQ+ALL exceptions ===
Combined reach (reset+all exceptions): 319 fns

Key wifi targets in combined reach:
  ✗ not reached: 0x1c98 (pciedngl_isr)
  ✗ not reached: 0x1e90 (pciedngl_probe)
  ✗ not reached: 0x2f18 (bcm_olmsg_init)
  ✗ not reached: 0x4718 (set_callback)
  ✗ not reached: 0x113b4 (ACTION dispatcher)
  ✗ not reached: 0x11648 (wl_open)
  ✗ not reached: 0x11704 (init-shim → 142E0)
  ✗ not reached: 0x11790 (wrap_ARM)
  ✗ not reached: 0x142e0 (0x48080-writer)
  ✗ not reached: 0x17ed6 (wlc_bmac_up_finish)
  ✗ not reached: 0x18ffc (wlc_up)
  ✗ not reached: 0x2312c (wlc_dpc)
  ✗ not reached: 0x233e8 (wake-mask ARM impl)
  ✗ not reached: 0x67358 (si_doattach_wrapper)
  ✗ not reached: 0x67614 (wl_probe)
  ✗ not reached: 0x6820c (wlc_bmac_attach)
  ✗ not reached: 0x68a68 (wlc_attach)
