Disasm pass...
Total: 183,411

Loaded live BFS set: 311 fns

=== (1) ALL stores with offset 0x16C (D11 INTMASK candidates) ===
  Total str-at-+0x16c hits: 8
    0xe694: str r2, [sp, #0x16c]  inside fn@0xe41c
    0x142ce: strb.w r5, [r4, #0x16c]  inside fn@0x142b8
    0x14310: strb.w r3, [r0, #0x16c]  inside fn@0x142b8
    0x187fc: strb.w r0, [r4, #0x16c]  inside fn@0x181ec
    0x230fe: str.w r3, [r5, #0x16c]  inside fn@0x2309e
    0x23402: str.w r3, [r2, #0x16c]  inside fn@0x233e8
    0x23420: str.w r6, [r3, #0x16c]  inside fn@0x2340c
    0x23448: str.w r1, [r3, #0x16c]  inside fn@0x2340c


=== (2) Fns calling si_setcoreidx with #0x812 (D11) ===
  Fns calling si_setcoreidx with arg #0x812 (D11): 0

  Fns that BOTH call si_setcoreidx(D11) AND store at +0x16c: 0


=== (4) For LIVE fns with +0x16c stores: dump short context ===
  LIVE +0x16c stores: 0


=== (5) Search for any 'ldr rN, =0x48080' followed by 'str rN, ...' ===
  4B 0x48080 byte hits: 1
    0x14318 aligned=True

  ldr-pool loaders for value 0x48080:
    0x142e0: r3, [pc, #0x34]  inside fn@0x142b8
  Total: 1
